2026-06-25 22:45:04,380 [WARNING] Matplotlib is building the font cache; this may take a moment.
2026-06-25 22:45:08,631 [INFO] generated new fontManager
2026-06-25 22:45:43,596 [INFO] Starting execution loop for query: 'mobile shop in aligarh uttar pradesh india'
2026-06-25 22:51:03,601 [INFO] Starting execution loop for query: 'mobile shop in aligarh uttar pradesh india'
2026-06-25 22:56:18,209 [INFO] Starting execution loop for query: 'mobile shops in aligarh uttar pradesh india'
2026-06-25 23:06:52,687 [INFO] Starting execution loop for query: 'mobile shops in aligarh uttar pradesh india'
2026-06-25 23:06:56,133 [INFO] Navigating directly to: https://www.google.com/maps/search/mobile+shops+in+aligarh+uttar+pradesh+india
2026-06-26 15:24:53,933 [INFO] Starting execution loop for query: 'mobile shops in aligarh uttar pradesh india'
2026-06-26 15:25:06,014 [INFO] Navigating directly to: https://www.google.com/maps/search/mobile+shops+in+aligarh+uttar+pradesh+india
2026-06-26 15:25:49,768 [INFO] Starting execution loop for query: 'mobile shops in aligarh uttar pradesh india'
2026-06-26 15:25:52,277 [INFO] Navigating directly to: https://www.google.com/maps/search/mobile+shops+in+aligarh+uttar+pradesh+india
2026-06-26 15:29:25,720 [INFO] Starting execution loop for query: 'mobile shops in aligarh uttar pradesh india'
2026-06-26 15:29:27,834 [INFO] Navigating directly to: https://www.google.com/maps/search/mobile+shops+in+aligarh+uttar+pradesh+india
2026-06-26 15:29:34,909 [INFO] Target count of 10 reached in feed. Stopping scroll.
2026-06-26 15:29:34,919 [INFO] Processing top 10 items...
2026-06-26 15:29:42,035 [INFO] Data saved to: F:\pthon scraper data project\outputs\csv\leads_mobile_shops_uttar pradesh.csv
2026-06-26 15:29:43,677 [INFO] Analytics engine report processing complete. Saved to: F:\pthon scraper data project\outputs\reports\report_leads_mobile_shops_uttar pradesh.md
2026-06-26 15:36:22,367 [INFO] Starting execution loop for query: 'mobile shops in aligarh uttar pradesh india'
2026-06-26 15:36:24,289 [INFO] Navigating directly to: https://www.google.com/maps/search/mobile+shops+in+aligarh+uttar+pradesh+india
2026-06-26 15:36:31,783 [INFO] Target count of 10 reached in feed. Stopping scroll.
2026-06-26 15:36:31,797 [INFO] Processing top 10 items...
2026-06-26 15:36:31,807 [INFO] --- Extracting Shop 1/10 ---
2026-06-26 15:37:01,945 [WARNING] Skipping item 1 due to error: Timeout 29953ms exceeded.
2026-06-26 15:37:01,945 [INFO] --- Extracting Shop 2/10 ---
2026-06-26 15:37:04,155 [INFO] Successfully Found -> Name: Unknown Name | Phone: None | Web: None
2026-06-26 15:37:04,155 [INFO] --- Extracting Shop 3/10 ---
2026-06-26 15:37:07,050 [INFO] --- Extracting Shop 4/10 ---
2026-06-26 15:37:09,700 [INFO] --- Extracting Shop 5/10 ---
2026-06-26 15:37:12,095 [INFO] --- Extracting Shop 6/10 ---
2026-06-26 15:37:14,417 [INFO] --- Extracting Shop 7/10 ---
2026-06-26 15:37:16,696 [INFO] --- Extracting Shop 8/10 ---
2026-06-26 15:37:18,988 [INFO] --- Extracting Shop 9/10 ---
2026-06-26 15:37:21,277 [INFO] --- Extracting Shop 10/10 ---
2026-06-26 15:37:24,747 [INFO] Data saved to: F:\pthon scraper data project\outputs\csv\leads_mobile_shops_uttar_pradesh.csv
2026-06-26 15:37:25,255 [INFO] Analytics engine report processing complete. Saved to: F:\pthon scraper data project\outputs\reports\report_leads_mobile_shops_uttar_pradesh.md
2026-06-26 15:48:24,433 [INFO] Starting execution loop for query: 'mobile shops in aligarh uttar pradesh india'
2026-06-26 15:48:26,466 [INFO] Navigating directly to: https://www.google.com/maps/search/mobile+shops+in+aligarh+uttar+pradesh+india
2026-06-26 15:48:34,404 [INFO] Processing top 10 items...
2026-06-26 15:48:34,404 [INFO] --- Extracting Shop 1/10 ---
2026-06-26 15:49:04,439 [WARNING] Skipping item 1 due to error: Timeout 29968ms exceeded.
2026-06-26 15:49:04,441 [INFO] --- Extracting Shop 2/10 ---
2026-06-26 15:49:06,632 [INFO] --- Extracting Shop 3/10 ---
2026-06-26 15:49:09,079 [INFO] --- Extracting Shop 4/10 ---
2026-06-26 15:49:11,728 [INFO] --- Extracting Shop 5/10 ---
2026-06-26 15:49:14,080 [INFO] --- Extracting Shop 6/10 ---
2026-06-26 15:49:16,559 [INFO] --- Extracting Shop 7/10 ---
2026-06-26 15:49:18,966 [INFO] --- Extracting Shop 8/10 ---
2026-06-26 15:49:21,312 [INFO] --- Extracting Shop 9/10 ---
2026-06-26 15:49:23,631 [INFO] --- Extracting Shop 10/10 ---
2026-06-26 15:49:27,192 [INFO] Data saved to: F:\pthon scraper data project\outputs\csv\leads_mobile_shops_uttar_pradesh.csv
2026-06-26 15:49:27,961 [INFO] Analytics engine report processing complete. Saved to: F:\pthon scraper data project\outputs\reports\report_leads_mobile_shops_uttar_pradesh.md
2026-06-26 15:51:00,577 [INFO] Starting execution loop for query: 'furniture stores in Texas USA'
2026-06-26 15:51:02,176 [INFO] Navigating directly to: https://www.google.com/maps/search/furniture+stores+in+Texas+USA
2026-06-26 15:51:08,682 [INFO] Processing top 10 items...
2026-06-26 15:51:08,683 [INFO] --- Extracting Shop 1/10 ---
2026-06-26 15:51:38,725 [WARNING] Skipping item 1 due to error: Timeout 29953ms exceeded.
2026-06-26 15:51:38,725 [INFO] --- Extracting Shop 2/10 ---
2026-06-26 15:51:40,903 [INFO] --- Extracting Shop 3/10 ---
2026-06-26 15:51:43,269 [INFO] --- Extracting Shop 4/10 ---
2026-06-26 15:51:46,057 [INFO] --- Extracting Shop 5/10 ---
2026-06-26 15:51:48,565 [INFO] --- Extracting Shop 6/10 ---
2026-06-26 15:51:50,967 [INFO] --- Extracting Shop 7/10 ---
2026-06-26 15:51:53,312 [INFO] --- Extracting Shop 8/10 ---
2026-06-26 15:51:56,002 [INFO] --- Extracting Shop 9/10 ---
2026-06-26 15:51:58,480 [INFO] --- Extracting Shop 10/10 ---
2026-06-26 15:52:01,204 [INFO] Deep scraping website: https://www.nfm.com/
2026-06-26 15:52:10,001 [INFO] Deep scraping website: https://www.ftgfurniture.com/
2026-06-26 15:52:12,817 [INFO] Deep scraping website: https://www.ftgfurniture.com/
2026-06-26 15:52:13,476 [INFO] Deep scraping website: https://texashomefurniture.net/
2026-06-26 15:52:14,990 [WARNING] Failed to deep scrape website https://texashomefurniture.net/: Unable to retrieve content because the page is navigating and changing the content.
2026-06-26 15:52:14,991 [INFO] Deep scraping website: https://texashomefurniture.net/
2026-06-26 15:52:15,119 [WARNING] Failed to deep scrape website https://texashomefurniture.net/: Unable to retrieve content because the page is navigating and changing the content.
2026-06-26 15:52:15,120 [INFO] Deep scraping website: http://www.texasfurnitureclearance.com/
2026-06-26 15:52:28,059 [INFO] Deep scraping website: http://www.texasfurnitureclearance.com/
2026-06-26 15:52:32,066 [INFO] Deep scraping website: http://www.texasfurnitureoutlet.com/
2026-06-26 15:52:38,320 [INFO] Data saved to: F:\pthon scraper data project\outputs\csv\leads_furniture_stores_texas.csv
2026-06-26 15:52:38,876 [INFO] Analytics engine report processing complete. Saved to: F:\pthon scraper data project\outputs\reports\report_leads_furniture_stores_texas.md
2026-06-26 16:27:02,718 [INFO] Starting execution loop for query: 'furniture Shops in Aligarh Uttar Pradesh India' (Target: 20)
2026-06-26 16:27:05,944 [INFO] Navigating directly to: https://www.google.com/maps/search/furniture+Shops+in+Aligarh+Uttar+Pradesh+India
2026-06-26 16:35:10,961 [INFO] Starting execution loop for query: 'furniture Shops in Aligarh Uttar Pradesh India' (Target: 20)
2026-06-26 16:35:13,584 [INFO] Navigating directly to: https://www.google.com/maps/search/furniture+Shops+in+Aligarh+Uttar+Pradesh+India
2026-06-26 16:35:18,464 [INFO] Target count of 20 reached in feed. Stopping scroll.
2026-06-26 16:35:18,470 [INFO] Processing top 20 items...
2026-06-26 16:35:18,470 [INFO] --- Extracting Shop 1/20 ---
2026-06-26 16:35:28,490 [WARNING] Skipping item 1 due to error: Timeout 9969ms exceeded.
2026-06-26 16:35:28,491 [INFO] --- Extracting Shop 2/20 ---
2026-06-26 16:35:30,765 [INFO] Successfully Parsed -> Name: Unknown Name | Phone: N/A
2026-06-26 16:35:30,765 [INFO] --- Extracting Shop 3/20 ---
2026-06-26 16:35:33,361 [INFO] Successfully Parsed -> Name: Janta Furnitures | Phone: 084760 10070
2026-06-26 16:35:33,362 [INFO] --- Extracting Shop 4/20 ---
2026-06-26 16:35:35,952 [INFO] Successfully Parsed -> Name: Varshney Furniture House | Phone: 094124 44345
2026-06-26 16:35:35,952 [INFO] --- Extracting Shop 5/20 ---
2026-06-26 16:35:38,213 [INFO] Successfully Parsed -> Name: Varshney Furniture House | Phone: 094124 44345
2026-06-26 16:35:38,213 [INFO] --- Extracting Shop 6/20 ---
2026-06-26 16:35:40,502 [INFO] Successfully Parsed -> Name: Perfect Furniture | Phone: 093582 18846
2026-06-26 16:35:40,503 [INFO] --- Extracting Shop 7/20 ---
2026-06-26 16:35:42,780 [INFO] Successfully Parsed -> Name: Perfect Furniture | Phone: 093582 18846
2026-06-26 16:35:42,780 [INFO] --- Extracting Shop 8/20 ---
2026-06-26 16:35:45,118 [INFO] Successfully Parsed -> Name: Godrej Interio Exclusive Store | Phone: 084760 10070
2026-06-26 16:35:45,118 [INFO] --- Extracting Shop 9/20 ---
2026-06-26 16:35:47,422 [INFO] Successfully Parsed -> Name: Godrej Interio Exclusive Store | Phone: 084760 10070
2026-06-26 16:35:47,422 [INFO] --- Extracting Shop 10/20 ---
2026-06-26 16:35:49,753 [INFO] Successfully Parsed -> Name: Ayesha Furniture Showroom | Phone: 074177 73777
2026-06-26 16:35:49,754 [INFO] --- Extracting Shop 11/20 ---
2026-06-26 16:35:52,065 [INFO] Successfully Parsed -> Name: Ayesha Furniture Showroom | Phone: 074177 73777
2026-06-26 16:35:52,065 [INFO] --- Extracting Shop 12/20 ---
2026-06-26 16:35:54,438 [INFO] Successfully Parsed -> Name: Kohinoor Interiors | Phone: 092194 03930
2026-06-26 16:35:54,440 [INFO] --- Extracting Shop 13/20 ---
2026-06-26 16:35:56,717 [INFO] Successfully Parsed -> Name: Kohinoor Interiors | Phone: 092194 03930
2026-06-26 16:35:56,717 [INFO] --- Extracting Shop 14/20 ---
2026-06-26 16:35:59,012 [INFO] Successfully Parsed -> Name: Kwality Furniture House | Phone: 098974 95699
2026-06-26 16:35:59,012 [INFO] --- Extracting Shop 15/20 ---
2026-06-26 16:36:01,270 [INFO] Successfully Parsed -> Name: Kwality Furniture House | Phone: 098974 95699
2026-06-26 16:36:01,279 [INFO] --- Extracting Shop 16/20 ---
2026-06-26 16:36:03,561 [INFO] Successfully Parsed -> Name: Balaji Furniture House | Phone: 070555 46665
2026-06-26 16:36:03,561 [INFO] --- Extracting Shop 17/20 ---
2026-06-26 16:36:05,859 [INFO] Successfully Parsed -> Name: Balaji Furniture House | Phone: 070555 46665
2026-06-26 16:36:05,859 [INFO] --- Extracting Shop 18/20 ---
2026-06-26 16:36:08,145 [INFO] Successfully Parsed -> Name: Pradhan Ji Furniture and Tin Udyog | Phone: 093589 02477
2026-06-26 16:36:08,145 [INFO] --- Extracting Shop 19/20 ---
2026-06-26 16:36:10,494 [INFO] Successfully Parsed -> Name: Pradhan Ji Furniture and Tin Udyog | Phone: 093589 02477
2026-06-26 16:36:10,494 [INFO] --- Extracting Shop 20/20 ---
2026-06-26 16:36:12,942 [INFO] Successfully Parsed -> Name: Kohinoor Interiors | Office Furniture Shop | Home Furniture Store | Phone: N/A
2026-06-26 16:36:13,148 [INFO] Deep scraping website: https://linktr.ee/jantafurnitures
2026-06-26 16:36:21,850 [INFO] Deep scraping website: https://linktr.ee/jantafurnitures
2026-06-26 16:36:23,225 [INFO] Deep scraping website: https://linktr.ee/jantafurnitures
2026-06-26 16:36:24,235 [INFO] Deep scraping website: http://www.kohinoorinteriors.in/
2026-06-26 16:36:24,596 [WARNING] Failed to deep scrape website http://www.kohinoorinteriors.in/: net::ERR_NAME_NOT_RESOLVED at http://www.kohinoorinteriors.in/
2026-06-26 16:36:24,597 [INFO] Deep scraping website: http://www.kohinoorinteriors.in/
2026-06-26 16:36:24,745 [WARNING] Failed to deep scrape website http://www.kohinoorinteriors.in/: net::ERR_NAME_NOT_RESOLVED at http://www.kohinoorinteriors.in/
2026-06-26 16:36:25,487 [INFO] Data saved to: F:\pthon scraper data project\outputs\csv\leads_furniture_shops_uttar_pradesh.csv
2026-06-26 16:51:25,335 [INFO] Starting execution loop for query: 'furniture Shops in Aligarh Uttar Pradesh India' (Target: 20)
2026-06-26 16:51:27,461 [INFO] Navigating directly to: https://www.google.com/maps/search/furniture+Shops+in+Aligarh+Uttar+Pradesh+India
2026-06-26 16:51:33,966 [INFO] Target count of 20 reached in feed. Stopping scroll.
2026-06-26 16:51:33,983 [INFO] Processing top 20 items...
2026-06-26 16:51:33,984 [INFO] --- Extracting Shop 1/20 ---
2026-06-26 16:51:44,051 [WARNING] Skipping item 1 due to error: Timeout 9969ms exceeded.
2026-06-26 16:51:44,051 [INFO] --- Extracting Shop 2/20 ---
2026-06-26 16:51:46,325 [INFO] Successfully Parsed -> Name: Unknown Name | Phone: N/A
2026-06-26 16:51:46,325 [INFO] --- Extracting Shop 3/20 ---
2026-06-26 16:51:48,986 [INFO] Successfully Parsed -> Name: Janta Furnitures | Phone: 084760 10070
2026-06-26 16:51:48,987 [INFO] --- Extracting Shop 4/20 ---
2026-06-26 16:51:51,425 [INFO] Successfully Parsed -> Name: Varshney Furniture House | Phone: 094124 44345
2026-06-26 16:51:51,431 [INFO] --- Extracting Shop 5/20 ---
2026-06-26 16:51:53,715 [INFO] Successfully Parsed -> Name: Varshney Furniture House | Phone: 094124 44345
2026-06-26 16:51:53,715 [INFO] --- Extracting Shop 6/20 ---
2026-06-26 16:51:56,098 [INFO] Successfully Parsed -> Name: Perfect Furniture | Phone: 093582 18846
2026-06-26 16:51:56,100 [INFO] --- Extracting Shop 7/20 ---
2026-06-26 16:51:58,595 [INFO] Successfully Parsed -> Name: Perfect Furniture | Phone: 093582 18846
2026-06-26 16:51:58,595 [INFO] --- Extracting Shop 8/20 ---
2026-06-26 16:52:00,901 [INFO] Successfully Parsed -> Name: Godrej Interio Exclusive Store | Phone: 084760 10070
2026-06-26 16:52:00,901 [INFO] --- Extracting Shop 9/20 ---
2026-06-26 16:52:03,248 [INFO] Successfully Parsed -> Name: Godrej Interio Exclusive Store | Phone: 084760 10070
2026-06-26 16:52:03,248 [INFO] --- Extracting Shop 10/20 ---
2026-06-26 16:52:05,534 [INFO] Successfully Parsed -> Name: Ayesha Furniture Showroom | Phone: 074177 73777
2026-06-26 16:52:05,534 [INFO] --- Extracting Shop 11/20 ---
2026-06-26 16:52:07,836 [INFO] Successfully Parsed -> Name: Ayesha Furniture Showroom | Phone: 074177 73777
2026-06-26 16:52:07,836 [INFO] --- Extracting Shop 12/20 ---
2026-06-26 16:52:10,146 [INFO] Successfully Parsed -> Name: Kohinoor Interiors | Phone: 092194 03930
2026-06-26 16:52:10,147 [INFO] --- Extracting Shop 13/20 ---
2026-06-26 16:52:12,416 [INFO] Successfully Parsed -> Name: Kohinoor Interiors | Phone: 092194 03930
2026-06-26 16:52:12,416 [INFO] --- Extracting Shop 14/20 ---
2026-06-26 16:52:14,712 [INFO] Successfully Parsed -> Name: Kwality Furniture House | Phone: 098974 95699
2026-06-26 16:52:14,714 [INFO] --- Extracting Shop 15/20 ---
2026-06-26 16:52:17,009 [INFO] Successfully Parsed -> Name: Kwality Furniture House | Phone: 098974 95699
2026-06-26 16:52:17,009 [INFO] --- Extracting Shop 16/20 ---
2026-06-26 16:52:19,360 [INFO] Successfully Parsed -> Name: Balaji Furniture House | Phone: 070555 46665
2026-06-26 16:52:19,360 [INFO] --- Extracting Shop 17/20 ---
2026-06-26 16:52:21,627 [INFO] Successfully Parsed -> Name: Balaji Furniture House | Phone: 070555 46665
2026-06-26 16:52:21,627 [INFO] --- Extracting Shop 18/20 ---
2026-06-26 16:52:24,080 [INFO] Successfully Parsed -> Name: Pradhan Ji Furniture and Tin Udyog | Phone: 093589 02477
2026-06-26 16:52:24,082 [INFO] --- Extracting Shop 19/20 ---
2026-06-26 16:52:26,570 [INFO] Successfully Parsed -> Name: Pradhan Ji Furniture and Tin Udyog | Phone: 093589 02477
2026-06-26 16:52:26,571 [INFO] --- Extracting Shop 20/20 ---
2026-06-26 16:52:28,908 [INFO] Successfully Parsed -> Name: Kohinoor Interiors | Office Furniture Shop | Home Furniture Store | Phone: N/A
2026-06-26 16:52:29,259 [INFO] Deep scraping website: https://linktr.ee/jantafurnitures
2026-06-26 16:52:32,991 [INFO] Deep scraping website: https://linktr.ee/jantafurnitures
2026-06-26 16:52:33,985 [INFO] Deep scraping website: https://linktr.ee/jantafurnitures
2026-06-26 16:52:35,193 [INFO] Deep scraping website: http://www.kohinoorinteriors.in/
2026-06-26 16:52:35,434 [WARNING] Failed to deep scrape website http://www.kohinoorinteriors.in/: net::ERR_NAME_NOT_RESOLVED at http://www.kohinoorinteriors.in/
2026-06-26 16:52:35,437 [INFO] Deep scraping website: http://www.kohinoorinteriors.in/
2026-06-26 16:52:36,732 [WARNING] Failed to deep scrape website http://www.kohinoorinteriors.in/: net::ERR_NAME_NOT_RESOLVED at http://www.kohinoorinteriors.in/
2026-06-26 16:52:37,530 [INFO] Data saved to: F:\pthon scraper data project\outputs\csv\leads_furniture_shops_uttar_pradesh.csv
2026-06-26 17:11:03,934 [INFO] Starting execution loop for query: 'furniture Shops in Aligarh Uttar Pradesh India' (Target: 20)
2026-06-26 17:11:06,670 [INFO] Navigating directly to: https://www.google.com/maps/search/furniture+Shops+in+Aligarh+Uttar+Pradesh+India
2026-06-26 17:11:15,167 [INFO] Target count of 20 reached in feed. Stopping scroll.
2026-06-26 17:11:15,188 [INFO] Processing top 20 items...
2026-06-26 17:11:15,195 [INFO] --- Extracting Shop 1/20 ---
2026-06-26 17:11:25,263 [WARNING] Skipping item 1 due to error: Timeout 9922ms exceeded.
2026-06-26 17:11:25,263 [INFO] --- Extracting Shop 2/20 ---
2026-06-26 17:11:27,691 [INFO] Successfully Parsed -> Name: Unknown Name | Phone: N/A
2026-06-26 17:11:27,691 [INFO] --- Extracting Shop 3/20 ---
2026-06-26 17:11:30,578 [INFO] Successfully Parsed -> Name: Unknown Name | Phone: 084760 10070
2026-06-26 17:11:30,578 [INFO] --- Extracting Shop 4/20 ---
2026-06-26 17:11:33,316 [INFO] Successfully Parsed -> Name: Perfect Furniture | Phone: 093582 18846
2026-06-26 17:11:33,321 [INFO] --- Extracting Shop 5/20 ---
2026-06-26 17:11:35,618 [INFO] Successfully Parsed -> Name: Perfect Furniture | Phone: 093582 18846
2026-06-26 17:11:35,618 [INFO] --- Extracting Shop 6/20 ---
2026-06-26 17:11:38,286 [INFO] Successfully Parsed -> Name: Varshney Furniture House | Phone: 094124 44345
2026-06-26 17:11:38,286 [INFO] --- Extracting Shop 7/20 ---
2026-06-26 17:11:40,744 [INFO] Successfully Parsed -> Name: Varshney Furniture House | Phone: 094124 44345
2026-06-26 17:11:40,744 [INFO] --- Extracting Shop 8/20 ---
2026-06-26 17:11:43,559 [INFO] Successfully Parsed -> Name: Kohinoor Interiors | Phone: 092194 03930
2026-06-26 17:11:43,559 [INFO] --- Extracting Shop 9/20 ---
2026-06-26 17:11:45,975 [INFO] Successfully Parsed -> Name: Kohinoor Interiors | Phone: 092194 03930
2026-06-26 17:11:45,975 [INFO] --- Extracting Shop 10/20 ---
2026-06-26 17:11:48,662 [INFO] Successfully Parsed -> Name: Ayesha Furniture Showroom | Phone: 074177 73777
2026-06-26 17:11:48,662 [INFO] --- Extracting Shop 11/20 ---
2026-06-26 17:11:51,271 [INFO] Successfully Parsed -> Name: Ayesha Furniture Showroom | Phone: 074177 73777
2026-06-26 17:11:51,273 [INFO] --- Extracting Shop 12/20 ---
2026-06-26 17:11:53,913 [INFO] Successfully Parsed -> Name: Godrej Interio Exclusive Store | Phone: 084760 10070
2026-06-26 17:11:53,914 [INFO] --- Extracting Shop 13/20 ---
2026-06-26 17:11:56,411 [INFO] Successfully Parsed -> Name: Godrej Interio Exclusive Store | Phone: 084760 10070
2026-06-26 17:11:56,411 [INFO] --- Extracting Shop 14/20 ---
2026-06-26 17:11:58,962 [INFO] Successfully Parsed -> Name: Pradhan Ji Furniture and Tin Udyog | Phone: 093589 02477
2026-06-26 17:11:58,963 [INFO] --- Extracting Shop 15/20 ---
2026-06-26 17:12:01,410 [INFO] Successfully Parsed -> Name: Pradhan Ji Furniture and Tin Udyog | Phone: 093589 02477
2026-06-26 17:12:01,410 [INFO] --- Extracting Shop 16/20 ---
2026-06-26 17:12:04,026 [INFO] Successfully Parsed -> Name: Virat Furniture & Decor | Phone: 087555 53542
2026-06-26 17:12:04,028 [INFO] --- Extracting Shop 17/20 ---
2026-06-26 17:12:06,476 [INFO] Successfully Parsed -> Name: Virat Furniture & Decor | Phone: 087555 53542
2026-06-26 17:12:06,476 [INFO] --- Extracting Shop 18/20 ---
2026-06-26 17:12:08,900 [INFO] Successfully Parsed -> Name: Kwality Furniture House | Phone: 098974 95699
2026-06-26 17:12:08,903 [INFO] --- Extracting Shop 19/20 ---
2026-06-26 17:12:11,178 [INFO] Successfully Parsed -> Name: Kwality Furniture House | Phone: 098974 95699
2026-06-26 17:12:11,178 [INFO] --- Extracting Shop 20/20 ---
2026-06-26 17:12:13,463 [INFO] Successfully Parsed -> Name: Kohinoor Interiors | Office Furniture Shop | Home Furniture Store | Phone: N/A
2026-06-26 17:12:13,818 [INFO] Deep scraping website: http://www.kohinoorinteriors.in/
2026-06-26 17:12:14,209 [WARNING] Failed to deep scrape website http://www.kohinoorinteriors.in/: net::ERR_NAME_NOT_RESOLVED at http://www.kohinoorinteriors.in/
2026-06-26 17:12:14,210 [INFO] Deep scraping website: http://www.kohinoorinteriors.in/
2026-06-26 17:12:14,516 [WARNING] Failed to deep scrape website http://www.kohinoorinteriors.in/: net::ERR_NAME_NOT_RESOLVED at http://www.kohinoorinteriors.in/
2026-06-26 17:12:14,518 [INFO] Deep scraping website: https://linktr.ee/jantafurnitures
2026-06-26 17:12:18,657 [INFO] Deep scraping website: https://linktr.ee/jantafurnitures
2026-06-26 17:12:21,513 [INFO] Data saved to: F:\pthon scraper data project\outputs\csv\leads_furniture_shops_uttar_pradesh.csv
2026-06-26 17:12:22,742 [INFO] Analytics engine report processing complete. Saved to: F:\pthon scraper data project\outputs\reports\report_leads_furniture_shops_uttar_pradesh.md
2026-06-26 17:12:46,627 [ERROR] Exception in callback _ProactorBasePipeTransport._call_connection_lost(None)
handle: <Handle _ProactorBasePipeTransport._call_connection_lost(None)>
Traceback (most recent call last):
  File "C:\Users\hp\AppData\Local\Programs\Python\Python312\Lib\asyncio\events.py", line 88, in _run
    self._context.run(self._callback, *self._args)
  File "C:\Users\hp\AppData\Local\Programs\Python\Python312\Lib\asyncio\proactor_events.py", line 165, in _call_connection_lost
    self._sock.shutdown(socket.SHUT_RDWR)
ConnectionResetError: [WinError 10054] An existing connection was forcibly closed by the remote host
